debug: GET en /api/view/loggerTest - at 9/5/2024 18:35:47
debug: GET en /api/view/loggerTest - at 9/5/2024 18:39:07
debug: POST en /api/products/productsPremium%0A - at 20/5/2024 21:38:33
debug: POST en /api/products/productsPremium%0A - at 20/5/2024 21:39:55
debug: POST en /api/products/productsPremium - at 20/5/2024 21:50:35
debug: POST en /api/products/productsPremium - at 20/5/2024 21:51:51
debug: POST en /api/products/productsPremium - at 20/5/2024 21:52:03
debug: GET en /api/view/register - at 20/5/2024 22:22:08
debug: GET en /api/view/register - at 20/5/2024 22:22:11
debug: GET en /api/view/register - at 20/5/2024 22:23:03
debug: GET en /api/view/register - at 20/5/2024 22:23:05
debug: GET en /api/session/register - at 20/5/2024 22:23:09
debug: GET en /api/mock - at 20/5/2024 22:23:11
debug: GET en /api/session/github - at 20/5/2024 22:23:14
debug: GET en /api/view/register - at 20/5/2024 22:23:15
debug: GET en /api/view/register - at 20/5/2024 22:23:18
debug: GET en /api/view/register - at 20/5/2024 22:23:57
debug: GET en /api/view/register - at 20/5/2024 22:24:53
debug: POST en /api/session/login - at 20/5/2024 22:25:00
debug: GET en /api/view/register - at 20/5/2024 22:25:02
debug: GET en /api/view/register - at 20/5/2024 22:30:57
debug: GET en /api/session/register - at 20/5/2024 22:33:18
debug: GET en /api/view/register - at 20/5/2024 22:33:25
debug: POST en /api/session/login - at 20/5/2024 22:35:00
debug: GET en /api/session/github - at 20/5/2024 22:35:03
debug: GET en /api/view/register - at 20/5/2024 22:35:08
debug: GET en /api/view/register - at 20/5/2024 22:36:46
debug: GET en /api/view/register - at 21/5/2024 17:55:11
debug: GET en /api/view/register - at 21/5/2024 17:55:14
debug: GET en /api/view/register - at 21/5/2024 17:55:18
debug: GET en /api/view/register - at 21/5/2024 18:25:26
{"level":"info","message":"GET en /api/view/register - at 26/5/2024 20:44:25"}
{"level":"info","message":"GET en /api/view/register - at 26/5/2024 20:44:27"}
{"level":"info","message":"GET en /api/view/register - at 26/5/2024 20:51:07"}
{"level":"info","message":"GET en /api/view/kogin - at 26/5/2024 20:51:14"}
{"level":"info","message":"GET en /api/view/login - at 26/5/2024 20:51:19"}
{"level":"info","message":"GET en /api/products/allProducts - at 26/5/2024 20:51:28"}
{"level":"info","message":"GET en /js/current - at 26/5/2024 20:51:28"}
{"level":"info","message":"GET en /api/view/profile - at 26/5/2024 20:51:34"}
{"level":"info","message":"GET en /api/products/allProducts - at 26/5/2024 20:51:37"}
{"level":"info","message":"GET en /api/products/allProducts - at 26/5/2024 20:51:38"}
{"level":"info","message":"GET en /api/view/profile - at 26/5/2024 20:52:20"}
{"level":"info","message":"GET en /api/view/profile - at 26/5/2024 20:52:24"}
{"level":"info","message":"GET en /api/view/profile - at 26/5/2024 21:02:43"}
{"level":"info","message":"GET en /api/view/profile - at 26/5/2024 21:04:52"}
{"level":"info","message":"GET en /api/view/login - at 26/5/2024 21:05:18"}
{"level":"info","message":"GET en /api/view/login - at 26/5/2024 21:05:22"}
{"level":"info","message":"GET en /api/view/login - at 26/5/2024 21:12:18"}
{"level":"info","message":"GET en /api/view/login - at 26/5/2024 21:12:20"}
{"level":"info","message":"GET en /api/view/login - at 26/5/2024 21:12:20"}
{"level":"info","message":"GET en /api/view/login - at 26/5/2024 21:12:20"}
{"level":"info","message":"GET en /api/view/login - at 26/5/2024 21:12:21"}
{"level":"info","message":"GET en /api/view/login - at 26/5/2024 21:12:23"}
{"level":"info","message":"GET en /api/view/login - at 26/5/2024 21:12:57"}
